0,0.00096,0.355877412841111,0.06599979759507761,0.24243929760572386
1,0.0009216,0.12578217482357687,0.054853183527441327,0.2117495886385331
2,0.0008493465599999999,0.10641726011183007,0.08851778502039694,0.21292141973108955
3,0.0008153726975999999,0.09574421820540795,0.11008392799700856,0.18721614676857543
4,0.0007514474781081599,0.08962093647987251,0.07022180837950444,0.19082177313779133
5,0.0007213895789838334,0.0842679103239374,0.07164005432616202,0.19945032771669316
6,0.0006648326359915007,0.08068928582976741,0.049991661936142025,0.1893028614960277
7,0.0006382393305518408,0.07704090580200905,0.10710980936941854,0.18973172903283567
8,0.0005882013670365765,0.07443544065746452,0.06506749325127278,0.18581740974126515
9,0.0005646733123551134,0.07163075223243363,0.09008653494693376,0.17615782610402425
10,0.0005204029246664724,0.06909874518572298,0.07912592081656042,0.17771144620874058
11,0.0004995868076798134,0.06840392666647416,0.06882931933404013,0.1753985681653148
12,0.00046041920195771606,0.06675864138563997,0.050793027199486675,0.1757580013068212
13,0.00044200243387940743,0.06481441161747388,0.11877256678988551,0.17178122627211778
14,0.00040734944306326185,0.06315781795827839,0.14993401913612403,0.17381160989000397
15,0.00039105546534073135,0.0623465824756739,0.06123499136037682,0.16996010656101623
16,0.000360396716858018,0.06119625643894741,0.06046831271388153,0.1706805003613756
17,0.00034598084818369723,0.06013693049499214,0.07528110748560177,0.16831308515113622
18,0.0003321416142563494,0.05985815043521813,0.061035369113663335,0.17026240192375094
19,0.00030610171169865154,0.05816524808381898,0.09020494196744377,0.16869448448575194
20,0.0002938576432307055,0.05797748403035675,0.05531013217633443,0.1662266053617141
21,0.00027081920400141813,0.05657756684912801,0.07249735609799035,0.16649967359317555
22,0.0002599864358413614,0.05704861004161313,0.06346611944257961,0.1648620831887936
23,0.00023960349927139865,0.05665904301229359,0.0787344649432606,0.17078002952171503
24,0.0002300193593005427,0.05524720036344077,0.07745182782504159,0.16898748463172863
25,0.00021198584153138015,0.054918337313615014,0.04566437135984231,0.16518295757346582
26,0.0002035064078701249,0.05482683321329566,0.0950938388177054,0.16461886810023774
27,0.0001875515054931071,0.05396247774375621,0.08647019106117863,0.163399779498052
28,0.00018004944527338283,0.053570897116565964,0.07782544548314207,0.1641395920219609
29,0.0001659335687639496,0.05294094638294985,0.04618716133517769,0.16183982832037808
30,0.0001592962260133916,0.0526139276471493,0.052114913913529494,0.1638050440360807
31,0.0001468074018939417,0.05206801784667433,0.03410061573503179,0.16432914149524092
32,0.00014093510581818404,0.05245547107073377,0.04662824507211616,0.15861261085894665
33,0.00012988579352203838,0.052574912344421194,0.05770498059137466,0.15722235419873923
34,0.00012469036178115684,0.05210482817945419,0.04314247860712849,0.16442635886922327
35,0.00011970274730991057,0.0511206539785228,0.06934656101248247,0.16048460642661436
36,0.00011031805192081357,0.051703826880786605,0.04544092064418619,0.1566538882264577
37,0.00010590532984398102,0.05123026910505158,0.05601764669007123,0.15871523055556291
38,9.76023519842129e-05,0.050926610901797155,0.055424152321962766,0.1608574387786828
39,9.36982579048444e-05,0.05019321918725077,0.0519408076297998,0.1570577857087096
40,8.635231448510459e-05,0.04991063963810799,0.06529424093237572,0.15980753067063586
41,8.289822190570039e-05,0.049802448267747323,0.05072588402859811,0.15509621124340353
42,7.639900130829346e-05,0.05026721305017658,0.052622618956079774,0.1584418694896161
43,7.334304125596173e-05,0.05036890771409817,0.045892442563827324,0.159557983912357
44,6.759294682149434e-05,0.049650843025512176,0.06393628479013454,0.15753724226275106
45,6.488922894863455e-05,0.049770465918678834,0.05576424830576403,0.15750813327393698
46,5.9801913399061606e-05,0.049102299957110365,0.06013955854509137,0.15688090341905542
47,5.7409836863099135e-05,0.04946291291222608,0.05792846617724949,0.15681029431409202
48,5.290890565303216e-05,0.04938393464970509,0.04531278225827843,0.157939640928919
49,5.0792549426910866e-05,0.048744437752318605,0.05428190854040798,0.15731303913198444
50,4.6810413551841054e-05,0.0488149153126288,0.03395664820057943,0.16423495553097972
51,4.493799700976741e-05,0.0487827315816888,0.0659605298278551,0.15882808008427968
52,4.3140477129376715e-05,0.0490750869026335,0.05103250795873545,0.15656546554471604
53,3.9758263722433575e-05,0.04915673855204876,0.03774695619121752,0.1591150157319434
54,3.816793317353623e-05,0.0484510361678768,0.0643033644400201,0.16242726548222747
55,3.517556721273098e-05,0.04852540771963871,0.039521795607746,0.15812968133265623
56,3.3768544524221746e-05,0.049035507331048236,0.04685103414858866,0.15761470181869788
57,3.112109063352276e-05,0.04806122838040571,0.047618102844462086,0.1564172515527743
58,2.987624700818185e-05,0.04837059487078413,0.04928210845491001,0.15776278979242314
59,2.753394924274039e-05,0.048356083911662136,0.036751303476692004,0.15987311439930482
60,2.6432591273030774e-05,0.04803069953851552,0.03883246666700911,0.1601738370635777
61,2.4360276117225157e-05,0.04833233984037612,0.057282537009145054,0.15799366703583578
62,2.338586507253615e-05,0.048004975995350016,0.052105294402243034,0.16162502503267268
63,2.155241325084932e-05,0.047889666246502365,0.05753433479223758,0.16028384337531335
64,2.0690316720815342e-05,0.048112753380529893,0.061663110880693074,0.1590880612128025
65,1.9068195889903417e-05,0.04801186085173573,0.05164804465277039,0.1574223010987264
66,1.830546805430728e-05,0.04798474608442627,0.051799395960966776,0.16034121996841363
67,1.6870319358849586e-05,0.048361472353939346,0.04995909983596975,0.15702837124313565
68,1.6195506584495604e-05,0.04765149034834612,0.049167481994397924,0.15369822046763795
69,1.554768632111578e-05,0.047854356314290074,0.052255714800335216,0.15318356434098832
70,1.4328747713540301e-05,0.04809295424915804,0.05859465797259509,0.1558828134880045
71,1.375559780499869e-05,0.047778700363134766,0.03227511496678225,0.16221446605975318
72,1.2677158937086791e-05,0.04769039829894142,0.040670973726384896,0.1620560953061037
73,1.217007257960332e-05,0.04824197229894331,0.035124876997861654,0.16143381562433695
74,1.1215938889362417e-05,0.047736833751610745,0.03993302607745341,0.15785883021705527
75,1.0767301333787921e-05,0.04763902677812661,0.03350815665756078,0.1597005095886006
76,9.923144909218947e-06,0.04717586159594869,0.05222357083002207,0.1565974385394987
77,9.526219112850188e-06,0.04784001054404466,0.036798260224544216,0.16309635182077176
78,8.779363534402732e-06,0.04785100369326655,0.042455627383557126,0.16019975816504042
79,8.428188993026623e-06,0.04808123764688357,0.052446248416633236,0.15582793029523395
80,7.767418975973336e-06,0.04739850033085415,0.05446049667730445,0.156624087238406
81,7.456722216934402e-06,0.04769543888727271,0.05953461530305159,0.15537114867689034
82,6.872115195126745e-06,0.047462875613487956,0.0484740539984052,0.15666465194348014
83,6.597230587321674e-06,0.04773062436836388,0.06330559920354602,0.15375442338405276
84,6.080007709275654e-06,0.0479272639182633,0.04467912266671572,0.15710582867570563
85,5.836807400904628e-06,0.0472928926711243,0.04538632049932257,0.15618728497888953
86,5.603335104868443e-06,0.047167572234181866,0.05762234513429898,0.15750371420974685
87,5.164033632646756e-06,0.04783994536106744,0.046675107053408195,0.16106173016267927
88,4.957472287340885e-06,0.04750932839381255,0.03781376616094277,0.16206435793895696
89,4.56880646001336e-06,0.04728892229465318,0.046926972085053045,0.15604915925302604
90,4.386054201612826e-06,0.047581055689204316,0.048942145050077636,0.15730017421824297
91,4.042187552206379e-06,0.04734166456288793,0.058360070892548375,0.15592728135720987
92,3.880500050118124e-06,0.047651780150309034,0.0497286547931178,0.15446554279515512
93,3.5762688461888636e-06,0.04768882185655681,0.04314248125005489,0.16092433283065188
94,3.433218092341309e-06,0.047434390047924456,0.047428248639777716,0.1589826455006946
95,3.16405379390175e-06,0.047492286851349395,0.05198183151990797,0.15752648834779526
96,3.0374916421456796e-06,0.0479785859261455,0.04428520012778667,0.16431506515906685
97,2.7993522974014584e-06,0.0472967952874105,0.052892435522937264,0.1572247760411308
98,2.6873782055054e-06,0.04704218308451055,0.047988321404843,0.15673759315732264
99,2.476687754193776e-06,0.04720952564014444,0.0647413209601477,0.15471488842666137
100,2.377620244026025e-06,0.04733066938386264,0.035009713702364366,0.15951139937564296
101,2.1912148168943845e-06,0.04773614697933633,0.0541537336661512,0.15543816184617368
102,2.1035662242186094e-06,0.047557386317284595,0.05655235343701605,0.15538422579759525
103,1.9386466322398697e-06,0.04770109356753377,0.04289505049890159,0.1581419147678336
104,1.8611007669502751e-06,0.04792728762568573,0.0574065762780748,0.16042304301052157
105,1.786656736272264e-06,0.047859926346091736,0.056425376287211185,0.1597788448478867
106,1.6465828481485184e-06,0.04704414686528477,0.041109099240090194,0.16534569686368183
107,1.5807195342225777e-06,0.04729546034058112,0.03778182953075038,0.1590863623059493
108,1.4567911227395275e-06,0.0477575573068156,0.06038106841646326,0.15416714571806708
109,1.3985194778299465e-06,0.04777212363734665,0.04356967098402625,0.1568701712578419
110,1.2888755507680783e-06,0.04739302319444131,0.043042784044867735,0.15338196741407675
111,1.2373205287373552e-06,0.04791330670628596,0.061949208291698234,0.15979091911774693
112,1.1403145992843465e-06,0.04741170747042018,0.04619515351998601,0.15411405911044518
113,1.0947020153129726e-06,0.047481939972657844,0.04502711848676162,0.15580209269694809
114,1.0088773773124355e-06,0.047480034048616504,0.038979506702885636,0.15534125786638778
115,9.68522282219938e-07,0.04717228261264361,0.05145272349109952,0.15286096600121318
116,8.925901352938947e-07,0.0471978177103568,0.04817741155572163,0.16285294704272135
117,8.56886529882139e-07,0.0474115773660137,0.038520019858427464,0.15630846199458903
118,7.897066259393793e-07,0.047382679438152636,0.04123218020004951,0.15623237282380284
119,7.58118360901804e-07,0.047609760829183334,0.05177988397853379,0.15518033684663274
120,6.986818814071026e-07,0.04726450810849944,0.062038470979976404,0.15271795063685656
121,6.707346061508184e-07,0.0473221640202622,0.05572617278425879,0.15962926343812114
122,6.439052219047856e-07,0.04710089038816289,0.054626994501750084,0.1555747005048907
123,5.934230525074503e-07,0.04763338278503826,0.044262004049721276,0.1609514173433833
124,5.696861304071523e-07,0.04714843950162776,0.04711183594883685,0.15609601318038624
125,5.250227377832316e-07,0.04763271034166833,0.03633947822198412,0.15514520934348577
126,5.040218282719024e-07,0.04757042307724033,0.04366913304383922,0.15621992831756273
127,4.6450651693538514e-07,0.047206430899357485,0.04532769245465142,0.15671560868038978
128,4.4592625625796975e-07,0.04719630405973504,0.05671193252110037,0.15563624782745977
129,4.1096563776734486e-07,0.04748743858803527,0.041532663153079415,0.155712348889692
130,3.94527012256651e-07,0.0471956881512051,0.053105669920459585,0.1564135776848572
131,3.635960944957296e-07,0.04757482688089033,0.043711473471835974,0.15311647907960732
132,3.490522507159004e-07,0.04827100455821492,0.04961604508560199,0.15900727887824476
133,3.216865542597738e-07,0.047451160252020744,0.048509705457281484,0.15398119529048168
134,3.088190920893828e-07,0.0473784885436079,0.04165509087148557,0.15701991215509897
135,2.8460767526957516e-07,0.04720343011426306,0.051550323073125355,0.15580489589712213
136,2.7322336825879217e-07,0.04742902215749726,0.051102149802066774,0.15610460731261092
137,2.518026561873028e-07,0.04751826749839172,0.048003654703569106,0.18141459257321207
138,2.417305499398107e-07,0.04770484560405781,0.05674022104859979,0.15877282055386197
139,2.3206132794221827e-07,0.0475212246130222,0.0350480227463656,0.15797358087124583
140,2.1386771983154834e-07,0.04797628288471418,0.05896485969528107,0.15488223384503175
141,2.053130110382864e-07,0.04738332264442568,0.04589336532734421,0.15873090753641217
142,1.8921647097288473e-07,0.04769357050150437,0.05079695888433973,0.15838783473619605
143,1.8164781213396934e-07,0.04705329498364388,0.03849698924331176,0.1560438799458826
144,1.6740662366266614e-07,0.04772510443287124,0.04088037409172025,0.15816756536748205
145,1.607103587161595e-07,0.047233537372159365,0.06025798784938942,0.15621935722360442
146,1.4811066659281258e-07,0.04744147761497389,0.05422161659292588,0.15423422420855018
147,1.4218623992910006e-07,0.047514235500174785,0.04526967731949434,0.15527231173088185
148,1.3103883871865863e-07,0.04817096450300957,0.05529083213499607,0.1550112875365164
149,1.2579728516991227e-07,0.04760146581080927,0.06301018346536662,0.1538115124067973
150,1.1593477801259113e-07,0.047422599452397234,0.03344914759483301,0.16085839878020686
151,1.1129738689208748e-07,0.047063089096131626,0.05381345228001687,0.1562080555595397
152,1.0257167175974781e-07,0.04696376589706012,0.054879960207268895,0.1552345453155058
153,9.84688048893579e-08,0.047302570728617245,0.06364575120780225,0.1533205366345947
154,9.074885058603222e-08,0.047239215269372414,0.05007466539189811,0.15576606781893057
155,8.711889656259094e-08,0.047428307122546656,0.0453757506416734,0.16882173004411338
156,8.363414070008729e-08,0.0476434643104919,0.056851585172929826,0.15413121526051016
157,7.707722406920045e-08,0.04760059707958731,0.05615490025598707,0.15372169479439268
158,7.399413510643242e-08,0.04759707468949036,0.0601059159562787,0.15493634885126853
159,6.819299491408811e-08,0.04705348861505724,0.039303460696102924,0.1599638786967954
160,6.546527511752458e-08,0.0474737868047901,0.06346485744247808,0.15625946274416547
161,6.033279754831065e-08,0.04711613115814546,0.03163912278428372,0.15425020133266487
162,5.791948564637823e-08,0.047559098681889775,0.036027016561500334,0.16098061446031528
163,5.337859797170217e-08,0.047062981586451835,0.05342019608569825,0.1559147086931748
164,5.124345405283409e-08,0.04729153684749238,0.04517513324155091,0.15514189066449124
165,4.722596725509189e-08,0.047168917826614885,0.04488421287073064,0.15528664851245652
166,4.533692856488821e-08,0.04770505874757533,0.036264881253377804,0.15813365483039152
167,4.178251336540097e-08,0.047397894081332353,0.04188040802657357,0.16296519186456362
168,4.011121283078493e-08,0.047583233476942266,0.06004298900331075,0.15785919516117802
169,3.6966493744851396e-08,0.04724988731630606,0.040131371385069656,0.16751178345738407
170,3.548783399505734e-08,0.04755778795496185,0.050486476893833634,0.15626147929598555
171,3.270558780984484e-08,0.046871598455132626,0.035909228337851797,0.16140163623189477
172,3.139736429745104e-08,0.04738674936262048,0.03928201424570121,0.16074730980354623
173,3.0141469725552996e-08,0.047532452038671784,0.046282350372624556,0.15409478504717072
174,2.7778378499069642e-08,0.0470378770336887,0.06016417216970717,0.1533618960080862
175,2.6667243359106855e-08,0.047301363287414924,0.06558732267959384,0.1549658952666386
176,2.4576531479752875e-08,0.04728708830885434,0.05036257140567505,0.1538363273374135
177,2.359347022056276e-08,0.04742711141312622,0.06106416303507173,0.153589951301646
178,2.174374215527064e-08,0.04727518871652504,0.05704734861979524,0.15318249391504746
179,2.087399246905981e-08,0.04750654552670171,0.048453255803857675,0.15269845379619412
180,1.9237471459485523e-08,0.04709858215443172,0.05500659284709944,0.1555054675263481
181,1.84679726011061e-08,0.04710911512893853,0.04191073173307202,0.16028169476986498
182,1.702008354917938e-08,0.04779281089635518,0.04895908563367112,0.15362658097955298
183,1.6339280207212206e-08,0.04701318699599446,0.05098973303173917,0.15808290070073994
184,1.5058280638966766e-08,0.04756863115881345,0.033441115876368055,0.1540937403884795
185,1.4455949413408096e-08,0.04718663083370797,0.057516640977290374,0.15796337154294768
186,1.33226029793969e-08,0.04719802915562603,0.0522416313893242,0.15708221865748623
187,1.2789698860221024e-08,0.04841350374788852,0.036368589223639516,0.15978162047570557
188,1.1786986469579694e-08,0.046997809804377316,0.04787465834567881,0.1631428292921593
189,1.1315507010796506e-08,0.04781500018029825,0.05420971553139442,0.15608281796262663
190,1.0428371261150058e-08,0.047892041659399504,0.0494968285386492,0.159737403023589
191,1.0011236410704057e-08,0.047620381429444,0.043473238117431444,0.1554312553571881
192,9.610786954275893e-09,0.04788586709016419,0.05582170940057851,0.1553290745488438
193,8.857301257060662e-09,0.04701408735869296,0.04176105544777011,0.15808071691138736
194,8.503009206778237e-09,0.047234695420858175,0.05626151343308756,0.15316973216382263
195,7.836373284966821e-09,0.04738794824173345,0.058054822905979346,0.15440246877381444
196,7.522918353568148e-09,0.04705582179495736,0.056530338582805775,0.15640337399754276
197,6.933121554648405e-09,0.04799774398824692,0.030732995527948528,0.16199355429150586
198,6.65579669246247e-09,0.04713476517011302,0.0475410064442004,0.1592110696743311
199,6.133982231773411e-09,0.04735558351785882,0.06249621132798511,0.15537841423637638
200,5.888622942502474e-09,0.04747938004770778,0.04639693601592552,0.15507552263563731
201,5.426954903810279e-09,0.04757242954724089,0.04796442306830931,0.1560487747639591
202,5.209876707657869e-09,0.04749451663210129,0.037271718509579534,0.15742259827683933
203,4.801422373777491e-09,0.04702079891300585,0.04798080835278359,0.15917914614110382
204,4.6093654788263915e-09,0.04727453884814,0.04743532370553382,0.15321229071676226
